Started GET "/" for ::1 at 2020-06-22 05:34:06 +0900
Processing by HomeController#top as HTML
  Rendering home/top.html.erb within layouts/application
  Rendered home/top.html.erb within layouts/application (6.2ms)
Completed 200 OK in 949ms (Views: 931.4ms | ActiveRecord: 0.0ms)


Started GET "/" for ::1 at 2020-06-22 05:51:28 +0900
Processing by HomeController#top as HTML
  Rendering home/top.html.erb within layouts/application
  Rendered home/top.html.erb within layouts/application (2.4ms)
Completed 200 OK in 284ms (Views: 225.1ms | ActiveRecord: 0.0ms)


Started GET "/" for ::1 at 2020-06-22 05:52:41 +0900
Processing by HomeController#top as HTML
  Rendering home/top.html.erb within layouts/application
  Rendered home/top.html.erb within layouts/application (0.5ms)
Completed 200 OK in 88ms (Views: 81.6ms | ActiveRecord: 0.0ms)


Started GET "/" for ::1 at 2020-06-22 05:53:07 +0900
Processing by HomeController#top as HTML
  Rendering home/top.html.erb within layouts/application
  Rendered home/top.html.erb within layouts/application (0.7ms)
Completed 200 OK in 337ms (Views: 330.1ms | ActiveRecord: 0.0ms)


Started GET "/" for ::1 at 2020-06-22 05:59:00 +0900
Processing by HomeController#top as HTML
  Rendering home/top.html.erb within layouts/application
  Rendered home/top.html.erb within layouts/application (0.6ms)
Completed 200 OK in 119ms (Views: 113.9ms | ActiveRecord: 0.0ms)


Started GET "/" for ::1 at 2020-06-22 06:15:17 +0900
Processing by HomeController#top as HTML
  Rendering home/top.html.erb within layouts/application
  Rendered home/top.html.erb within layouts/application (1.2ms)
Completed 200 OK in 202ms (Views: 193.1ms | ActiveRecord: 0.0ms)


Started GET "/" for ::1 at 2020-06-22 06:15:34 +0900
Processing by HomeController#top as HTML
  Rendering home/top.html.erb within layouts/application
  Rendered home/top.html.erb within layouts/application (0.7ms)
Completed 200 OK in 83ms (Views: 75.6ms | ActiveRecord: 0.0ms)


Started GET "/top.jpg" for ::1 at 2020-06-22 06:15:34 +0900
  
ActionController::RoutingError (No route matches [GET] "/top.jpg"):
  
actionpack (5.2.4.3) lib/action_dispatch/middleware/debug_exceptions.rb:65:in `call'
web-console (3.7.0) lib/web_console/middleware.rb:135:in `call_app'
web-console (3.7.0) lib/web_console/middleware.rb:30:in `block in call'
web-console (3.7.0) lib/web_console/middleware.rb:20:in `catch'
web-console (3.7.0) lib/web_console/middleware.rb:20:in `call'
actionpack (5.2.4.3) lib/action_dispatch/middleware/show_exceptions.rb:33:in `call'
railties (5.2.4.3) lib/rails/rack/logger.rb:38:in `call_app'
railties (5.2.4.3) lib/rails/rack/logger.rb:26:in `block in call'
activesupport (5.2.4.3) lib/active_support/tagged_logging.rb:71:in `block in tagged'
activesupport (5.2.4.3) lib/active_support/tagged_logging.rb:28:in `tagged'
activesupport (5.2.4.3) lib/active_support/tagged_logging.rb:71:in `tagged'
railties (5.2.4.3) lib/rails/rack/logger.rb:26:in `call'
sprockets-rails (3.2.1) lib/sprockets/rails/quiet_assets.rb:13:in `call'
actionpack (5.2.4.3) lib/action_dispatch/middleware/remote_ip.rb:81:in `call'
actionpack (5.2.4.3) lib/action_dispatch/middleware/request_id.rb:27:in `call'
rack (2.2.3) lib/rack/method_override.rb:24:in `call'
rack (2.2.3) lib/rack/runtime.rb:22:in `call'
activesupport (5.2.4.3) lib/active_support/cache/strategy/local_cache_middleware.rb:29:in `call'
actionpack (5.2.4.3) lib/action_dispatch/middleware/executor.rb:14:in `call'
actionpack (5.2.4.3) lib/action_dispatch/middleware/static.rb:127:in `call'
rack (2.2.3) lib/rack/sendfile.rb:110:in `call'
railties (5.2.4.3) lib/rails/engine.rb:524:in `call'
puma (3.12.6) lib/puma/configuration.rb:227:in `call'
puma (3.12.6) lib/puma/server.rb:706:in `handle_request'
puma (3.12.6) lib/puma/server.rb:476:in `process_client'
puma (3.12.6) lib/puma/server.rb:334:in `block in run'
puma (3.12.6) lib/puma/thread_pool.rb:135:in `block in spawn_thread'
Started GET "/" for ::1 at 2020-06-22 06:16:24 +0900
Processing by HomeController#top as HTML
  Rendering home/top.html.erb within layouts/application
  Rendered home/top.html.erb within layouts/application (0.6ms)
Completed 200 OK in 322ms (Views: 315.8ms | ActiveRecord: 0.0ms)


Started GET "/top.jpg" for ::1 at 2020-06-22 06:16:25 +0900
  
ActionController::RoutingError (No route matches [GET] "/top.jpg"):
  
actionpack (5.2.4.3) lib/action_dispatch/middleware/debug_exceptions.rb:65:in `call'
web-console (3.7.0) lib/web_console/middleware.rb:135:in `call_app'
web-console (3.7.0) lib/web_console/middleware.rb:30:in `block in call'
web-console (3.7.0) lib/web_console/middleware.rb:20:in `catch'
web-console (3.7.0) lib/web_console/middleware.rb:20:in `call'
actionpack (5.2.4.3) lib/action_dispatch/middleware/show_exceptions.rb:33:in `call'
railties (5.2.4.3) lib/rails/rack/logger.rb:38:in `call_app'
railties (5.2.4.3) lib/rails/rack/logger.rb:26:in `block in call'
activesupport (5.2.4.3) lib/active_support/tagged_logging.rb:71:in `block in tagged'
activesupport (5.2.4.3) lib/active_support/tagged_logging.rb:28:in `tagged'
activesupport (5.2.4.3) lib/active_support/tagged_logging.rb:71:in `tagged'
railties (5.2.4.3) lib/rails/rack/logger.rb:26:in `call'
sprockets-rails (3.2.1) lib/sprockets/rails/quiet_assets.rb:13:in `call'
actionpack (5.2.4.3) lib/action_dispatch/middleware/remote_ip.rb:81:in `call'
actionpack (5.2.4.3) lib/action_dispatch/middleware/request_id.rb:27:in `call'
rack (2.2.3) lib/rack/method_override.rb:24:in `call'
rack (2.2.3) lib/rack/runtime.rb:22:in `call'
activesupport (5.2.4.3) lib/active_support/cache/strategy/local_cache_middleware.rb:29:in `call'
actionpack (5.2.4.3) lib/action_dispatch/middleware/executor.rb:14:in `call'
actionpack (5.2.4.3) lib/action_dispatch/middleware/static.rb:127:in `call'
rack (2.2.3) lib/rack/sendfile.rb:110:in `call'
railties (5.2.4.3) lib/rails/engine.rb:524:in `call'
puma (3.12.6) lib/puma/configuration.rb:227:in `call'
puma (3.12.6) lib/puma/server.rb:706:in `handle_request'
puma (3.12.6) lib/puma/server.rb:476:in `process_client'
puma (3.12.6) lib/puma/server.rb:334:in `block in run'
puma (3.12.6) lib/puma/thread_pool.rb:135:in `block in spawn_thread'
Started GET "/" for ::1 at 2020-06-22 06:21:32 +0900
Processing by HomeController#top as HTML
  Rendering home/top.html.erb within layouts/application
  Rendered home/top.html.erb within layouts/application (0.8ms)
Completed 200 OK in 200ms (Views: 193.5ms | ActiveRecord: 0.0ms)


Started GET "/top.jpg" for ::1 at 2020-06-22 06:21:32 +0900
  
ActionController::RoutingError (No route matches [GET] "/top.jpg"):
  
actionpack (5.2.4.3) lib/action_dispatch/middleware/debug_exceptions.rb:65:in `call'
web-console (3.7.0) lib/web_console/middleware.rb:135:in `call_app'
web-console (3.7.0) lib/web_console/middleware.rb:30:in `block in call'
web-console (3.7.0) lib/web_console/middleware.rb:20:in `catch'
web-console (3.7.0) lib/web_console/middleware.rb:20:in `call'
actionpack (5.2.4.3) lib/action_dispatch/middleware/show_exceptions.rb:33:in `call'
railties (5.2.4.3) lib/rails/rack/logger.rb:38:in `call_app'
railties (5.2.4.3) lib/rails/rack/logger.rb:26:in `block in call'
activesupport (5.2.4.3) lib/active_support/tagged_logging.rb:71:in `block in tagged'
activesupport (5.2.4.3) lib/active_support/tagged_logging.rb:28:in `tagged'
activesupport (5.2.4.3) lib/active_support/tagged_logging.rb:71:in `tagged'
railties (5.2.4.3) lib/rails/rack/logger.rb:26:in `call'
sprockets-rails (3.2.1) lib/sprockets/rails/quiet_assets.rb:13:in `call'
actionpack (5.2.4.3) lib/action_dispatch/middleware/remote_ip.rb:81:in `call'
actionpack (5.2.4.3) lib/action_dispatch/middleware/request_id.rb:27:in `call'
rack (2.2.3) lib/rack/method_override.rb:24:in `call'
rack (2.2.3) lib/rack/runtime.rb:22:in `call'
activesupport (5.2.4.3) lib/active_support/cache/strategy/local_cache_middleware.rb:29:in `call'
actionpack (5.2.4.3) lib/action_dispatch/middleware/executor.rb:14:in `call'
actionpack (5.2.4.3) lib/action_dispatch/middleware/static.rb:127:in `call'
rack (2.2.3) lib/rack/sendfile.rb:110:in `call'
railties (5.2.4.3) lib/rails/engine.rb:524:in `call'
puma (3.12.6) lib/puma/configuration.rb:227:in `call'
puma (3.12.6) lib/puma/server.rb:706:in `handle_request'
puma (3.12.6) lib/puma/server.rb:476:in `process_client'
puma (3.12.6) lib/puma/server.rb:334:in `block in run'
puma (3.12.6) lib/puma/thread_pool.rb:135:in `block in spawn_thread'
Started GET "/posts/field" for ::1 at 2020-06-22 06:21:34 +0900
Processing by PostsController#field as HTML
  Rendering posts/field.html.erb within layouts/application
  Rendered posts/field.html.erb within layouts/application (0.9ms)
Completed 200 OK in 103ms (Views: 96.2ms | ActiveRecord: 0.0ms)


  [1m[35m (1.2ms)[0m  [1m[34mSELECT sqlite_version(*)[0m
  ↳ bin/rails:4
  [1m[35m (8.6ms)[0m  [1m[35mCREATE TABLE "schema_migrations" ("version" varchar NOT NULL PRIMARY KEY)[0m
  ↳ bin/rails:4
  [1m[35m (5.2ms)[0m  [1m[35mCREATE TABLE "ar_internal_metadata" ("key" varchar NOT NULL PRIMARY KEY, "value" varchar, "created_at" datetime NOT NULL, "updated_at" datetime NOT NULL)[0m
  ↳ bin/rails:4
  [1m[35m (0.2ms)[0m  [1m[34mSELECT "schema_migrations"."version" FROM "schema_migrations" ORDER BY "schema_migrations"."version" ASC[0m
  ↳ bin/rails:4
Migrating to CreatePlayers (20200621215036)
  [1m[36mPlayer Load (0.4ms)[0m  [1m[34mSELECT  "players".* FROM "players" LIMIT ?[0m  [["LIMIT", 11]]
  [1m[36mPlayer Load (0.3ms)[0m  [1m[34mSELECT  "players".* FROM "players" LIMIT ?[0m  [["LIMIT", 11]]
  [1m[35m (0.3ms)[0m  [1m[34mSELECT "schema_migrations"."version" FROM "schema_migrations" ORDER BY "schema_migrations"."version" ASC[0m
  ↳ bin/rails:4
Migrating to CreatePlayers (20200621215036)
  [1m[35m (0.4ms)[0m  [1m[34mSELECT "schema_migrations"."version" FROM "schema_migrations" ORDER BY "schema_migrations"."version" ASC[0m
  ↳ bin/rails:4
Migrating to CreatePlayers (20200621215036)
  [1m[35m (0.1ms)[0m  [1m[36mbegin transaction[0m
  ↳ bin/rails:4
  [1m[35m (0.2ms)[0m  [1m[34mSELECT sqlite_version(*)[0m
  ↳ db/migrate/20200621215036_create_players.rb:3
  [1m[35m (2.1ms)[0m  [1m[35mCREATE TABLE "players" ("id" integer PRIMARY KEY AUTOINCREMENT NOT NULL, "image_name" varchar, "name" varchar, "string" varchar, "[]" varchar, "team" varchar, "fifa_rate" integer, "created_at" datetime NOT NULL, "updated_at" datetime NOT NULL)[0m
  ↳ db/migrate/20200621215036_create_players.rb:3
  [1m[36mActiveRecord::SchemaMigration Create (1.2ms)[0m  [1m[32mINSERT INTO "schema_migrations" ("version") VALUES (?)[0m  [["version", "20200621215036"]]
  ↳ bin/rails:4
  [1m[35m (3.7ms)[0m  [1m[36mcommit transaction[0m
  ↳ bin/rails:4
  [1m[36mActiveRecord::InternalMetadata Load (0.4ms)[0m  [1m[34mSELECT  "ar_internal_metadata".* FROM "ar_internal_metadata" WHERE "ar_internal_metadata"."key" = ? LIMIT ?[0m  [["key", "environment"], ["LIMIT", 1]]
  ↳ bin/rails:4
  [1m[35m (0.2ms)[0m  [1m[36mbegin transaction[0m
  ↳ bin/rails:4
  [1m[36mActiveRecord::InternalMetadata Create (1.2ms)[0m  [1m[32mINSERT INTO "ar_internal_metadata" ("key", "value", "created_at", "updated_at") VALUES (?, ?, ?, ?)[0m  [["key", "environment"], ["value", "development"], ["created_at", "2020-06-21 22:06:06.515091"], ["updated_at", "2020-06-21 22:06:06.515091"]]
  ↳ bin/rails:4
  [1m[35m (2.9ms)[0m  [1m[36mcommit transaction[0m
  ↳ bin/rails:4
  [1m[35m (0.5ms)[0m  [1m[34mSELECT "schema_migrations"."version" FROM "schema_migrations" ORDER BY "schema_migrations"."version" ASC[0m
  ↳ bin/rails:4
  [1m[36mPlayer Load (0.4ms)[0m  [1m[34mSELECT  "players".* FROM "players" LIMIT ?[0m  [["LIMIT", 11]]
  [1m[36mPlayer Load (0.5ms)[0m  [1m[34mSELECT  "players".* FROM "players" ORDER BY "players"."id" ASC LIMIT ?[0m  [["LIMIT", 1]]
  [1m[35m (0.3ms)[0m  [1m[34mSELECT "schema_migrations"."version" FROM "schema_migrations" ORDER BY "schema_migrations"."version" ASC[0m
  ↳ bin/rails:4
  [1m[36mActiveRecord::InternalMetadata Load (47.5ms)[0m  [1m[34mSELECT  "ar_internal_metadata".* FROM "ar_internal_metadata" WHERE "ar_internal_metadata"."key" = ? LIMIT ?[0m  [["key", "environment"], ["LIMIT", 1]]
  ↳ bin/rails:4
  [1m[35m (0.2ms)[0m  [1m[36mbegin transaction[0m
  ↳ bin/rails:4
  [1m[35m (0.2ms)[0m  [1m[36mcommit transaction[0m
  ↳ bin/rails:4
  [1m[35m (0.8ms)[0m  [1m[34mSELECT "schema_migrations"."version" FROM "schema_migrations" ORDER BY "schema_migrations"."version" ASC[0m
  ↳ bin/rails:4
  [1m[35m (0.5ms)[0m  [1m[34mSELECT "schema_migrations"."version" FROM "schema_migrations" ORDER BY "schema_migrations"."version" ASC[0m
  ↳ bin/rails:4
  [1m[36mActiveRecord::InternalMetadata Load (0.5ms)[0m  [1m[34mSELECT  "ar_internal_metadata".* FROM "ar_internal_metadata" WHERE "ar_internal_metadata"."key" = ? LIMIT ?[0m  [["key", "environment"], ["LIMIT", 1]]
  ↳ bin/rails:4
  [1m[35m (0.1ms)[0m  [1m[36mbegin transaction[0m
  ↳ bin/rails:4
  [1m[35m (0.1ms)[0m  [1m[36mcommit transaction[0m
  ↳ bin/rails:4
  [1m[35m (0.3ms)[0m  [1m[34mSELECT "schema_migrations"."version" FROM "schema_migrations" ORDER BY "schema_migrations"."version" ASC[0m
  ↳ bin/rails:4
  [1m[35m (0.2ms)[0m  [1m[34mSELECT "schema_migrations"."version" FROM "schema_migrations" ORDER BY "schema_migrations"."version" ASC[0m
  ↳ bin/rails:4
Migrating to CreatePlayers (20200621221915)
  [1m[35m (0.1ms)[0m  [1m[36mbegin transaction[0m
  ↳ bin/rails:4
  [1m[35m (0.2ms)[0m  [1m[34mSELECT sqlite_version(*)[0m
  ↳ db/migrate/20200621221915_create_players.rb:3
  [1m[35m (0.5ms)[0m  [1m[35mCREATE TABLE "players" ("id" integer PRIMARY KEY AUTOINCREMENT NOT NULL, "name" varchar, "image_name" varchar, "team" varchar, "fifa_rate" integer, "created_at" datetime NOT NULL, "updated_at" datetime NOT NULL)[0m
  ↳ db/migrate/20200621221915_create_players.rb:3
  [1m[35m (0.1ms)[0m  [1m[31mrollback transaction[0m
  ↳ bin/rails:4
  [1m[35m (0.2ms)[0m  [1m[34mSELECT "schema_migrations"."version" FROM "schema_migrations" ORDER BY "schema_migrations"."version" ASC[0m
  ↳ bin/rails:4
Migrating to CreatePlayers (20200621221915)
  [1m[35m (0.1ms)[0m  [1m[36mbegin transaction[0m
  ↳ bin/rails:4
  [1m[35m (0.1ms)[0m  [1m[34mSELECT sqlite_version(*)[0m
  ↳ db/migrate/20200621221915_create_players.rb:3
  [1m[35m (46.4ms)[0m  [1m[35mCREATE TABLE "players" ("id" integer PRIMARY KEY AUTOINCREMENT NOT NULL, "name" varchar, "image_name" varchar, "team" varchar, "fifa_rate" integer, "created_at" datetime NOT NULL, "updated_at" datetime NOT NULL)[0m
  ↳ db/migrate/20200621221915_create_players.rb:3
  [1m[36mActiveRecord::SchemaMigration Create (0.3ms)[0m  [1m[32mINSERT INTO "schema_migrations" ("version") VALUES (?)[0m  [["version", "20200621221915"]]
  ↳ bin/rails:4
  [1m[35m (4.0ms)[0m  [1m[36mcommit transaction[0m
  ↳ bin/rails:4
  [1m[36mActiveRecord::InternalMetadata Load (0.4ms)[0m  [1m[34mSELECT  "ar_internal_metadata".* FROM "ar_internal_metadata" WHERE "ar_internal_metadata"."key" = ? LIMIT ?[0m  [["key", "environment"], ["LIMIT", 1]]
  ↳ bin/rails:4
  [1m[35m (0.1ms)[0m  [1m[36mbegin transaction[0m
  ↳ bin/rails:4
  [1m[35m (0.0ms)[0m  [1m[36mcommit transaction[0m
  ↳ bin/rails:4
  [1m[35m (0.3ms)[0m  [1m[34mSELECT "schema_migrations"."version" FROM "schema_migrations" ORDER BY "schema_migrations"."version" ASC[0m
  ↳ bin/rails:4
Started GET "/posts/field" for ::1 at 2020-06-22 07:42:31 +0900
  [1m[35m (0.6ms)[0m  [1m[34mSELECT "schema_migrations"."version" FROM "schema_migrations" ORDER BY "schema_migrations"."version" ASC[0m
  ↳ C:/Ruby26-x64/lib/ruby/gems/2.6.0/gems/activerecord-5.2.4.3/lib/active_record/log_subscriber.rb:98
  
ActionController::RoutingError (No route matches [GET] "/posts/field"):
  
actionpack (5.2.4.3) lib/action_dispatch/middleware/debug_exceptions.rb:65:in `call'
web-console (3.7.0) lib/web_console/middleware.rb:135:in `call_app'
web-console (3.7.0) lib/web_console/middleware.rb:30:in `block in call'
web-console (3.7.0) lib/web_console/middleware.rb:20:in `catch'
web-console (3.7.0) lib/web_console/middleware.rb:20:in `call'
actionpack (5.2.4.3) lib/action_dispatch/middleware/show_exceptions.rb:33:in `call'
railties (5.2.4.3) lib/rails/rack/logger.rb:38:in `call_app'
railties (5.2.4.3) lib/rails/rack/logger.rb:26:in `block in call'
activesupport (5.2.4.3) lib/active_support/tagged_logging.rb:71:in `block in tagged'
activesupport (5.2.4.3) lib/active_support/tagged_logging.rb:28:in `tagged'
activesupport (5.2.4.3) lib/active_support/tagged_logging.rb:71:in `tagged'
railties (5.2.4.3) lib/rails/rack/logger.rb:26:in `call'
sprockets-rails (3.2.1) lib/sprockets/rails/quiet_assets.rb:13:in `call'
actionpack (5.2.4.3) lib/action_dispatch/middleware/remote_ip.rb:81:in `call'
actionpack (5.2.4.3) lib/action_dispatch/middleware/request_id.rb:27:in `call'
rack (2.2.3) lib/rack/method_override.rb:24:in `call'
rack (2.2.3) lib/rack/runtime.rb:22:in `call'
activesupport (5.2.4.3) lib/active_support/cache/strategy/local_cache_middleware.rb:29:in `call'
actionpack (5.2.4.3) lib/action_dispatch/middleware/executor.rb:14:in `call'
actionpack (5.2.4.3) lib/action_dispatch/middleware/static.rb:127:in `call'
rack (2.2.3) lib/rack/sendfile.rb:110:in `call'
railties (5.2.4.3) lib/rails/engine.rb:524:in `call'
puma (3.12.6) lib/puma/configuration.rb:227:in `call'
puma (3.12.6) lib/puma/server.rb:706:in `handle_request'
puma (3.12.6) lib/puma/server.rb:476:in `process_client'
puma (3.12.6) lib/puma/server.rb:334:in `block in run'
puma (3.12.6) lib/puma/thread_pool.rb:135:in `block in spawn_thread'
Started GET "/" for ::1 at 2020-06-22 07:42:56 +0900
Processing by HomeController#top as HTML
  Rendering home/top.html.erb within layouts/application
  Rendered home/top.html.erb within layouts/application (0.4ms)
Completed 200 OK in 156ms (Views: 153.0ms | ActiveRecord: 0.0ms)


Started GET "/top.jpg" for ::1 at 2020-06-22 07:42:57 +0900
  
ActionController::RoutingError (No route matches [GET] "/top.jpg"):
  
actionpack (5.2.4.3) lib/action_dispatch/middleware/debug_exceptions.rb:65:in `call'
web-console (3.7.0) lib/web_console/middleware.rb:135:in `call_app'
web-console (3.7.0) lib/web_console/middleware.rb:30:in `block in call'
web-console (3.7.0) lib/web_console/middleware.rb:20:in `catch'
web-console (3.7.0) lib/web_console/middleware.rb:20:in `call'
actionpack (5.2.4.3) lib/action_dispatch/middleware/show_exceptions.rb:33:in `call'
railties (5.2.4.3) lib/rails/rack/logger.rb:38:in `call_app'
railties (5.2.4.3) lib/rails/rack/logger.rb:26:in `block in call'
activesupport (5.2.4.3) lib/active_support/tagged_logging.rb:71:in `block in tagged'
activesupport (5.2.4.3) lib/active_support/tagged_logging.rb:28:in `tagged'
activesupport (5.2.4.3) lib/active_support/tagged_logging.rb:71:in `tagged'
railties (5.2.4.3) lib/rails/rack/logger.rb:26:in `call'
sprockets-rails (3.2.1) lib/sprockets/rails/quiet_assets.rb:13:in `call'
actionpack (5.2.4.3) lib/action_dispatch/middleware/remote_ip.rb:81:in `call'
actionpack (5.2.4.3) lib/action_dispatch/middleware/request_id.rb:27:in `call'
rack (2.2.3) lib/rack/method_override.rb:24:in `call'
rack (2.2.3) lib/rack/runtime.rb:22:in `call'
activesupport (5.2.4.3) lib/active_support/cache/strategy/local_cache_middleware.rb:29:in `call'
actionpack (5.2.4.3) lib/action_dispatch/middleware/executor.rb:14:in `call'
actionpack (5.2.4.3) lib/action_dispatch/middleware/static.rb:127:in `call'
rack (2.2.3) lib/rack/sendfile.rb:110:in `call'
railties (5.2.4.3) lib/rails/engine.rb:524:in `call'
puma (3.12.6) lib/puma/configuration.rb:227:in `call'
puma (3.12.6) lib/puma/server.rb:706:in `handle_request'
puma (3.12.6) lib/puma/server.rb:476:in `process_client'
puma (3.12.6) lib/puma/server.rb:334:in `block in run'
puma (3.12.6) lib/puma/thread_pool.rb:135:in `block in spawn_thread'
Started GET "/players/index" for ::1 at 2020-06-22 07:42:59 +0900
Processing by PlayersController#index as HTML
  Rendering players/index.html.erb within layouts/application
  [1m[36mPlayer Load (0.2ms)[0m  [1m[34mSELECT "players".* FROM "players"[0m
  ↳ app/views/players/index.html.erb:3
  Rendered players/index.html.erb within layouts/application (5.1ms)
Completed 200 OK in 84ms (Views: 71.1ms | ActiveRecord: 0.6ms)


Started GET "/players/index" for ::1 at 2020-06-22 07:43:38 +0900
Processing by PlayersController#index as HTML
  Rendering players/index.html.erb within layouts/application
  [1m[36mPlayer Load (0.2ms)[0m  [1m[34mSELECT "players".* FROM "players"[0m
  ↳ app/views/players/index.html.erb:3
  Rendered players/index.html.erb within layouts/application (3.1ms)
Completed 200 OK in 45ms (Views: 42.5ms | ActiveRecord: 0.2ms)


Started GET "/players/index" for ::1 at 2020-06-22 07:43:40 +0900
Processing by PlayersController#index as HTML
  Rendering players/index.html.erb within layouts/application
  [1m[36mPlayer Load (0.4ms)[0m  [1m[34mSELECT "players".* FROM "players"[0m
  ↳ app/views/players/index.html.erb:3
  Rendered players/index.html.erb within layouts/application (3.9ms)
Completed 200 OK in 42ms (Views: 39.8ms | ActiveRecord: 0.4ms)


Started GET "/players/index" for ::1 at 2020-06-22 07:43:43 +0900
Processing by PlayersController#index as HTML
  Rendering players/index.html.erb within layouts/application
  [1m[36mPlayer Load (0.2ms)[0m  [1m[34mSELECT "players".* FROM "players"[0m
  ↳ app/views/players/index.html.erb:3
  Rendered players/index.html.erb within layouts/application (13.4ms)
Completed 200 OK in 51ms (Views: 47.1ms | ActiveRecord: 0.2ms)


Started GET "/players/index" for ::1 at 2020-06-22 07:43:43 +0900
Processing by PlayersController#index as HTML
  Rendering players/index.html.erb within layouts/application
  [1m[36mPlayer Load (0.2ms)[0m  [1m[34mSELECT "players".* FROM "players"[0m
  ↳ app/views/players/index.html.erb:3
  Rendered players/index.html.erb within layouts/application (11.9ms)
Completed 200 OK in 61ms (Views: 58.2ms | ActiveRecord: 0.2ms)


Started GET "/players/index" for ::1 at 2020-06-22 07:43:44 +0900
Processing by PlayersController#index as HTML
  Rendering players/index.html.erb within layouts/application
  [1m[36mPlayer Load (0.2ms)[0m  [1m[34mSELECT "players".* FROM "players"[0m
  ↳ app/views/players/index.html.erb:3
  Rendered players/index.html.erb within layouts/application (2.8ms)
Completed 200 OK in 43ms (Views: 39.6ms | ActiveRecord: 0.2ms)


Started GET "/players/index" for ::1 at 2020-06-22 07:43:44 +0900
Processing by PlayersController#index as HTML
  Rendering players/index.html.erb within layouts/application
  [1m[36mPlayer Load (0.2ms)[0m  [1m[34mSELECT "players".* FROM "players"[0m
  ↳ app/views/players/index.html.erb:3
  Rendered players/index.html.erb within layouts/application (3.5ms)
Completed 200 OK in 39ms (Views: 36.5ms | ActiveRecord: 0.2ms)


  [1m[35m (0.1ms)[0m  [1m[36mbegin transaction[0m
  [1m[36mPlayer Create (13.3ms)[0m  [1m[32mINSERT INTO "players" ("name", "created_at", "updated_at") VALUES (?, ?, ?)[0m  [["name", "\x{E383}\xA1\x{E383}\x{83E3}\x{82B7}"], ["created_at", "2020-06-21 22:47:57.744148"], ["updated_at", "2020-06-21 22:47:57.744148"]]
  [1m[35m (0.1ms)[0m  [1m[31mrollback transaction[0m
  [1m[36mPlayer Load (0.5ms)[0m  [1m[34mSELECT  "players".* FROM "players" LIMIT ?[0m  [["LIMIT", 11]]
  [1m[36mPlayer Load (0.3ms)[0m  [1m[34mSELECT  "players".* FROM "players" LIMIT ?[0m  [["LIMIT", 11]]
  [1m[35m (0.1ms)[0m  [1m[36mbegin transaction[0m
  [1m[36mPlayer Create (46.2ms)[0m  [1m[32mINSERT INTO "players" ("name", "created_at", "updated_at") VALUES (?, ?, ?)[0m  [["name", "messi"], ["created_at", "2020-06-21 23:06:16.849352"], ["updated_at", "2020-06-21 23:06:16.849352"]]
  [1m[35m (3.7ms)[0m  [1m[36mcommit transaction[0m
Started GET "/players/index" for ::1 at 2020-06-22 08:06:25 +0900
Processing by PlayersController#index as HTML
  Rendering players/index.html.erb within layouts/application
  [1m[36mPlayer Load (0.3ms)[0m  [1m[34mSELECT "players".* FROM "players"[0m
  ↳ app/views/players/index.html.erb:3
  Rendered players/index.html.erb within layouts/application (25.7ms)
Completed 200 OK in 80ms (Views: 75.6ms | ActiveRecord: 1.2ms)


Started GET "/players/index" for ::1 at 2020-06-22 08:11:55 +0900
Processing by PlayersController#index as HTML
  Rendering players/index.html.erb within layouts/application
  [1m[36mPlayer Load (0.3ms)[0m  [1m[34mSELECT "players".* FROM "players"[0m
  ↳ app/views/players/index.html.erb:3
  Rendered players/index.html.erb within layouts/application (23.7ms)
Completed 200 OK in 156ms (Views: 147.5ms | ActiveRecord: 1.4ms)


Started GET "/players/new" for ::1 at 2020-06-22 08:11:59 +0900
Processing by PlayersController#new as HTML
  Rendering players/new.html.erb within layouts/application
  Rendered players/new.html.erb within layouts/application (13.1ms)
Completed 500 Internal Server Error in 23ms (ActiveRecord: 0.0ms)


  
ActionView::Template::Error (undefined method `errors' for nil:NilClass):
     5:       <div class="form">
     6:         <div class="form-body">
     7:         <%= form_tag("/posts/create") do %>
     8:         <% @post.errors.full_messages.each do |message| %>
     9:           <div class="form-error">
    10:             <%= message %>
    11:           </div>
  
app/views/players/new.html.erb:8:in `block (2 levels) in _app_views_players_new_html_erb__711684493_123739720'
app/views/players/new.html.erb:7:in `block in _app_views_players_new_html_erb__711684493_123739720'
app/views/players/new.html.erb:4:in `_app_views_players_new_html_erb__711684493_123739720'
Started GET "/players/new" for ::1 at 2020-06-22 08:13:53 +0900
  
SyntaxError (C:/Users/himaj/football_analizer2/app/controllers/players_controller.rb:6: syntax error, unexpected '=', expecting '.' or ::
    @player = Player.new
            ^
C:/Users/himaj/football_analizer2/app/controllers/players_controller.rb:9: syntax error, unexpected end, expecting end-of-input):
  
app/controllers/players_controller.rb:6: syntax error, unexpected '=', expecting '.' or ::
app/controllers/players_controller.rb:9: syntax error, unexpected end, expecting end-of-input
Started GET "/players/new" for ::1 at 2020-06-22 08:15:11 +0900
  
SyntaxError (C:/Users/himaj/football_analizer2/app/controllers/players_controller.rb:6: syntax error, unexpected '=', expecting '.' or ::
    @player = Player.first
            ^
C:/Users/himaj/football_analizer2/app/controllers/players_controller.rb:8: syntax error, unexpected end, expecting end-of-input):
  
app/controllers/players_controller.rb:6: syntax error, unexpected '=', expecting '.' or ::
app/controllers/players_controller.rb:8: syntax error, unexpected end, expecting end-of-input
Started GET "/players/new" for ::1 at 2020-06-22 08:15:40 +0900
Processing by PlayersController#new as HTML
  Rendering players/new.html.erb within layouts/application
  Rendered players/new.html.erb within layouts/application (4.5ms)
Completed 200 OK in 58ms (Views: 43.4ms | ActiveRecord: 1.3ms)


Started GET "/players/new" for ::1 at 2020-06-22 08:16:53 +0900
Processing by PlayersController#new as HTML
  Rendering players/new.html.erb within layouts/application
  Rendered players/new.html.erb within layouts/application (0.7ms)
Completed 200 OK in 47ms (Views: 44.6ms | ActiveRecord: 0.0ms)


Started GET "/players/new" for ::1 at 2020-06-22 08:17:37 +0900
Processing by PlayersController#new as HTML
  Rendering players/new.html.erb within layouts/application
  Rendered players/new.html.erb within layouts/application (0.7ms)
Completed 200 OK in 66ms (Views: 63.6ms | ActiveRecord: 0.0ms)


Started GET "/players/new" for ::1 at 2020-06-22 08:18:39 +0900
Processing by PlayersController#new as HTML
  Rendering players/new.html.erb within layouts/application
  Rendered players/new.html.erb within layouts/application (0.7ms)
Completed 200 OK in 41ms (Views: 37.8ms | ActiveRecord: 0.0ms)


Started GET "/players/new" for ::1 at 2020-06-22 08:19:24 +0900
Processing by PlayersController#new as HTML
  Rendering players/new.html.erb within layouts/application
  Rendered players/new.html.erb within layouts/application (1.1ms)
Completed 200 OK in 43ms (Views: 39.2ms | ActiveRecord: 0.0ms)


Started GET "/players/new" for ::1 at 2020-06-22 08:22:24 +0900
Processing by PlayersController#new as HTML
  Rendering players/new.html.erb within layouts/application
  Rendered players/new.html.erb within layouts/application (0.7ms)
Completed 200 OK in 52ms (Views: 38.7ms | ActiveRecord: 0.9ms)


Started GET "/players/new" for ::1 at 2020-06-22 08:22:26 +0900
Processing by PlayersController#new as HTML
  Rendering players/new.html.erb within layouts/application
  Rendered players/new.html.erb within layouts/application (1.3ms)
Completed 200 OK in 51ms (Views: 48.2ms | ActiveRecord: 0.0ms)


Started POST "/players/create" for ::1 at 2020-06-22 08:22:40 +0900
Processing by PlayersController#create as HTML
  Parameters: {"utf8"=>"✓", "authenticity_token"=>"16Bsu7LmAoX86RnsbROmtjE9RPAqnmn/88XtvKU5R10drFy1NmyMmYMEB0bdWnAWDtIr+IZPy5Hn/VltbTwr8g==", "name"=>"フィルミーノ", "team"=>""}
  [1m[35m (0.1ms)[0m  [1m[36mbegin transaction[0m
  ↳ app/controllers/players_controller.rb:10
  [1m[36mPlayer Create (0.8ms)[0m  [1m[32mINSERT INTO "players" ("name", "team", "created_at", "updated_at") VALUES (?, ?, ?, ?)[0m  [["name", "フィルミーノ"], ["team", ""], ["created_at", "2020-06-21 23:22:40.532632"], ["updated_at", "2020-06-21 23:22:40.532632"]]
  ↳ app/controllers/players_controller.rb:10
  [1m[35m (3.2ms)[0m  [1m[36mcommit transaction[0m
  ↳ app/controllers/players_controller.rb:10
Redirected to 
Completed 500 Internal Server Error in 185ms (ActiveRecord: 4.1ms)


  
NoMethodError (undefined method `player_url' for #<PlayersController:0x000000000e548ce8>
Did you mean?  players_new_url):
  
app/controllers/players_controller.rb:12:in `create'
Started GET "/players/index" for ::1 at 2020-06-22 08:23:23 +0900
Processing by PlayersController#index as HTML
  Rendering players/index.html.erb within layouts/application
  [1m[36mPlayer Load (0.3ms)[0m  [1m[34mSELECT "players".* FROM "players"[0m
  ↳ app/views/players/index.html.erb:3
  Rendered players/index.html.erb within layouts/application (46.7ms)
Completed 200 OK in 103ms (Views: 93.3ms | ActiveRecord: 1.8ms)


Started GET "/players/field" for ::1 at 2020-06-22 08:23:31 +0900
  
ActionController::RoutingError (No route matches [GET] "/players/field"):
  
actionpack (5.2.4.3) lib/action_dispatch/middleware/debug_exceptions.rb:65:in `call'
web-console (3.7.0) lib/web_console/middleware.rb:135:in `call_app'
web-console (3.7.0) lib/web_console/middleware.rb:30:in `block in call'
web-console (3.7.0) lib/web_console/middleware.rb:20:in `catch'
web-console (3.7.0) lib/web_console/middleware.rb:20:in `call'
actionpack (5.2.4.3) lib/action_dispatch/middleware/show_exceptions.rb:33:in `call'
railties (5.2.4.3) lib/rails/rack/logger.rb:38:in `call_app'
railties (5.2.4.3) lib/rails/rack/logger.rb:26:in `block in call'
activesupport (5.2.4.3) lib/active_support/tagged_logging.rb:71:in `block in tagged'
activesupport (5.2.4.3) lib/active_support/tagged_logging.rb:28:in `tagged'
activesupport (5.2.4.3) lib/active_support/tagged_logging.rb:71:in `tagged'
railties (5.2.4.3) lib/rails/rack/logger.rb:26:in `call'
sprockets-rails (3.2.1) lib/sprockets/rails/quiet_assets.rb:13:in `call'
actionpack (5.2.4.3) lib/action_dispatch/middleware/remote_ip.rb:81:in `call'
actionpack (5.2.4.3) lib/action_dispatch/middleware/request_id.rb:27:in `call'
rack (2.2.3) lib/rack/method_override.rb:24:in `call'
rack (2.2.3) lib/rack/runtime.rb:22:in `call'
activesupport (5.2.4.3) lib/active_support/cache/strategy/local_cache_middleware.rb:29:in `call'
actionpack (5.2.4.3) lib/action_dispatch/middleware/executor.rb:14:in `call'
actionpack (5.2.4.3) lib/action_dispatch/middleware/static.rb:127:in `call'
rack (2.2.3) lib/rack/sendfile.rb:110:in `call'
railties (5.2.4.3) lib/rails/engine.rb:524:in `call'
puma (3.12.6) lib/puma/configuration.rb:227:in `call'
puma (3.12.6) lib/puma/server.rb:706:in `handle_request'
puma (3.12.6) lib/puma/server.rb:476:in `process_client'
puma (3.12.6) lib/puma/server.rb:334:in `block in run'
puma (3.12.6) lib/puma/thread_pool.rb:135:in `block in spawn_thread'
Started GET "/players/field" for ::1 at 2020-06-22 08:24:25 +0900
Processing by PlayersController#field as HTML
  Rendering players/field.html.erb within layouts/application
  Rendered players/field.html.erb within layouts/application (0.3ms)
Completed 200 OK in 42ms (Views: 40.2ms | ActiveRecord: 0.0ms)


Started GET "/players/field" for ::1 at 2020-06-22 08:25:23 +0900
Processing by PlayersController#field as HTML
  Rendering players/field.html.erb within layouts/application
  Rendered players/field.html.erb within layouts/application (0.8ms)
Completed 200 OK in 42ms (Views: 39.2ms | ActiveRecord: 0.0ms)


Started GET "/players/field" for ::1 at 2020-06-22 08:25:44 +0900
Processing by PlayersController#field as HTML
  Rendering players/field.html.erb within layouts/application
  Rendered players/field.html.erb within layouts/application (0.3ms)
Completed 200 OK in 52ms (Views: 49.7ms | ActiveRecord: 0.0ms)


Started GET "/players/field" for ::1 at 2020-06-22 08:25:45 +0900
Processing by PlayersController#field as HTML
  Rendering players/field.html.erb within layouts/application
  Rendered players/field.html.erb within layouts/application (0.2ms)
Completed 200 OK in 41ms (Views: 37.3ms | ActiveRecord: 0.0ms)


Started GET "/players/field" for ::1 at 2020-06-22 08:26:04 +0900
Processing by PlayersController#field as HTML
  Rendering players/field.html.erb within layouts/application
  Rendered players/field.html.erb within layouts/application (1.0ms)
Completed 200 OK in 42ms (Views: 39.7ms | ActiveRecord: 0.0ms)


Started GET "/players/field" for ::1 at 2020-06-22 08:31:32 +0900
Processing by PlayersController#field as HTML
  Rendering players/field.html.erb within layouts/application
  Rendered players/field.html.erb within layouts/application (0.3ms)
Completed 200 OK in 118ms (Views: 115.7ms | ActiveRecord: 0.0ms)


Started GET "/players/field" for ::1 at 2020-06-22 08:31:34 +0900
Processing by PlayersController#field as HTML
  Rendering players/field.html.erb within layouts/application
  Rendered players/field.html.erb within layouts/application (0.3ms)
Completed 200 OK in 41ms (Views: 38.9ms | ActiveRecord: 0.0ms)


Started GET "/players/field" for ::1 at 2020-06-22 08:31:35 +0900
Processing by PlayersController#field as HTML
  Rendering players/field.html.erb within layouts/application
  Rendered players/field.html.erb within layouts/application (0.3ms)
Completed 200 OK in 42ms (Views: 38.9ms | ActiveRecord: 0.0ms)


Started GET "/players/field" for ::1 at 2020-06-22 08:31:36 +0900
Processing by PlayersController#field as HTML
  Rendering players/field.html.erb within layouts/application
  Rendered players/field.html.erb within layouts/application (0.2ms)
Completed 200 OK in 41ms (Views: 38.9ms | ActiveRecord: 0.0ms)


Started GET "/players/field" for ::1 at 2020-06-22 08:31:39 +0900
Processing by PlayersController#field as HTML
  Rendering players/field.html.erb within layouts/application
  Rendered players/field.html.erb within layouts/application (0.3ms)
Completed 200 OK in 47ms (Views: 45.3ms | ActiveRecord: 0.0ms)


Started GET "/players/field" for ::1 at 2020-06-22 08:31:39 +0900
Processing by PlayersController#field as HTML
  Rendering players/field.html.erb within layouts/application
  Rendered players/field.html.erb within layouts/application (0.3ms)
Completed 200 OK in 42ms (Views: 38.4ms | ActiveRecord: 0.0ms)


Started GET "/players/field" for ::1 at 2020-06-22 08:31:40 +0900
Processing by PlayersController#field as HTML
  Rendering players/field.html.erb within layouts/application
  Rendered players/field.html.erb within layouts/application (0.3ms)
Completed 200 OK in 44ms (Views: 41.5ms | ActiveRecord: 0.0ms)


Started GET "/players/field" for ::1 at 2020-06-22 08:33:09 +0900
Processing by PlayersController#field as HTML
  Rendering players/field.html.erb within layouts/application
  Rendered players/field.html.erb within layouts/application (0.3ms)
Completed 200 OK in 43ms (Views: 39.2ms | ActiveRecord: 0.0ms)


Started GET "/players/field" for ::1 at 2020-06-22 08:33:11 +0900
Processing by PlayersController#field as HTML
  Rendering players/field.html.erb within layouts/application
  Rendered players/field.html.erb within layouts/application (0.2ms)
Completed 200 OK in 47ms (Views: 44.7ms | ActiveRecord: 0.0ms)


Started GET "/players/field" for ::1 at 2020-06-22 08:33:11 +0900
Processing by PlayersController#field as HTML
  Rendering players/field.html.erb within layouts/application
  Rendered players/field.html.erb within layouts/application (0.3ms)
Completed 200 OK in 40ms (Views: 37.5ms | ActiveRecord: 0.0ms)


Started GET "/players/field" for ::1 at 2020-06-22 08:33:11 +0900
Processing by PlayersController#field as HTML
  Rendering players/field.html.erb within layouts/application
  Rendered players/field.html.erb within layouts/application (0.3ms)
Completed 200 OK in 41ms (Views: 38.2ms | ActiveRecord: 0.0ms)


Started GET "/players/field" for ::1 at 2020-06-22 08:33:12 +0900
Processing by PlayersController#field as HTML
  Rendering players/field.html.erb within layouts/application
  Rendered players/field.html.erb within layouts/application (0.2ms)
Completed 200 OK in 40ms (Views: 37.8ms | ActiveRecord: 0.0ms)


Started GET "/players/field" for ::1 at 2020-06-22 08:35:07 +0900
Processing by PlayersController#field as HTML
  Rendering players/field.html.erb within layouts/application
  Rendered players/field.html.erb within layouts/application (0.3ms)
Completed 200 OK in 52ms (Views: 49.2ms | ActiveRecord: 0.0ms)


Started GET "/players/field" for ::1 at 2020-06-22 08:35:09 +0900
Processing by PlayersController#field as HTML
  Rendering players/field.html.erb within layouts/application
  Rendered players/field.html.erb within layouts/application (0.3ms)
Completed 200 OK in 44ms (Views: 41.6ms | ActiveRecord: 0.0ms)


Started GET "/players/field" for ::1 at 2020-06-22 08:35:10 +0900
Processing by PlayersController#field as HTML
  Rendering players/field.html.erb within layouts/application
  Rendered players/field.html.erb within layouts/application (0.3ms)
Completed 200 OK in 39ms (Views: 36.3ms | ActiveRecord: 0.0ms)


Started GET "/players/field" for ::1 at 2020-06-22 08:35:10 +0900
Processing by PlayersController#field as HTML
  Rendering players/field.html.erb within layouts/application
  Rendered players/field.html.erb within layouts/application (0.3ms)
Completed 200 OK in 40ms (Views: 37.1ms | ActiveRecord: 0.0ms)


Started GET "/players/field" for ::1 at 2020-06-22 08:35:11 +0900
Processing by PlayersController#field as HTML
  Rendering players/field.html.erb within layouts/application
  Rendered players/field.html.erb within layouts/application (0.3ms)
Completed 200 OK in 49ms (Views: 46.4ms | ActiveRecord: 0.0ms)


Started GET "/players/field" for ::1 at 2020-06-22 08:35:11 +0900
Processing by PlayersController#field as HTML
  Rendering players/field.html.erb within layouts/application
  Rendered players/field.html.erb within layouts/application (0.3ms)
Completed 200 OK in 41ms (Views: 39.0ms | ActiveRecord: 0.0ms)


Started GET "/players/field" for ::1 at 2020-06-22 08:36:21 +0900
Processing by PlayersController#field as HTML
  Rendering players/field.html.erb within layouts/application
  Rendered players/field.html.erb within layouts/application (0.3ms)
Completed 200 OK in 102ms (Views: 100.0ms | ActiveRecord: 0.0ms)


Started GET "/players/field" for ::1 at 2020-06-22 08:36:22 +0900
Processing by PlayersController#field as HTML
  Rendering players/field.html.erb within layouts/application
  Rendered players/field.html.erb within layouts/application (0.3ms)
Completed 200 OK in 47ms (Views: 44.7ms | ActiveRecord: 0.0ms)


Started GET "/players/field" for ::1 at 2020-06-22 08:39:08 +0900
Processing by PlayersController#field as HTML
  Rendering players/field.html.erb within layouts/application
  Rendered players/field.html.erb within layouts/application (0.5ms)
Completed 500 Internal Server Error in 9ms (ActiveRecord: 0.0ms)


  
SyntaxError (C:/Users/himaj/football_analizer2/app/views/players/field.html.erb:3: unknown regexp options - grad):
  
app/views/players/field.html.erb:3: unknown regexp options - grad
Started GET "/players/field" for ::1 at 2020-06-22 08:39:18 +0900
Processing by PlayersController#field as HTML
  Rendering players/field.html.erb within layouts/application
  Rendered players/field.html.erb within layouts/application (0.4ms)
Completed 500 Internal Server Error in 8ms (ActiveRecord: 0.0ms)


  
SyntaxError (C:/Users/himaj/football_analizer2/app/views/players/field.html.erb:3: unknown regexp options - grad):
  
app/views/players/field.html.erb:3: unknown regexp options - grad
Started GET "/players/field" for ::1 at 2020-06-22 08:40:24 +0900
Processing by PlayersController#field as HTML
  Rendering players/field.html.erb within layouts/application
  Rendered players/field.html.erb within layouts/application (0.4ms)
Completed 200 OK in 108ms (Views: 104.9ms | ActiveRecord: 0.0ms)


Started GET "/players/field" for ::1 at 2020-06-22 08:41:21 +0900
Processing by PlayersController#field as HTML
  Rendering players/field.html.erb within layouts/application
  Rendered players/field.html.erb within layouts/application (0.3ms)
Completed 200 OK in 112ms (Views: 109.7ms | ActiveRecord: 0.0ms)


Started GET "/players/field" for ::1 at 2020-06-22 08:41:22 +0900
Processing by PlayersController#field as HTML
  Rendering players/field.html.erb within layouts/application
  Rendered players/field.html.erb within layouts/application (0.3ms)
Completed 200 OK in 42ms (Views: 38.9ms | ActiveRecord: 0.0ms)


Started GET "/players/field" for ::1 at 2020-06-22 08:41:23 +0900
Processing by PlayersController#field as HTML
  Rendering players/field.html.erb within layouts/application
  Rendered players/field.html.erb within layouts/application (0.3ms)
Completed 200 OK in 42ms (Views: 39.5ms | ActiveRecord: 0.0ms)


Started GET "/players/field" for ::1 at 2020-06-22 08:42:56 +0900
Processing by PlayersController#field as HTML
  Rendering players/field.html.erb within layouts/application
  Rendered players/field.html.erb within layouts/application (0.3ms)
Completed 200 OK in 120ms (Views: 117.0ms | ActiveRecord: 0.0ms)


Started GET "/players/field" for ::1 at 2020-06-22 08:43:06 +0900
Processing by PlayersController#field as HTML
  Rendering players/field.html.erb within layouts/application
  Rendered players/field.html.erb within layouts/application (0.3ms)
Completed 200 OK in 93ms (Views: 89.4ms | ActiveRecord: 0.0ms)


Started GET "/players/field" for ::1 at 2020-06-22 08:44:02 +0900
Processing by PlayersController#field as HTML
  Rendering players/field.html.erb within layouts/application
  Rendered players/field.html.erb within layouts/application (0.3ms)
Completed 200 OK in 98ms (Views: 94.2ms | ActiveRecord: 0.0ms)


Started GET "/players/field" for ::1 at 2020-06-22 08:45:09 +0900
Processing by PlayersController#field as HTML
  Rendering players/field.html.erb within layouts/application
  Rendered players/field.html.erb within layouts/application (0.3ms)
Completed 200 OK in 52ms (Views: 48.5ms | ActiveRecord: 0.0ms)


Started GET "/players/field" for ::1 at 2020-06-22 10:25:21 +0900
Processing by PlayersController#field as HTML
  Rendering players/field.html.erb within layouts/application
  Rendered players/field.html.erb within layouts/application (2.7ms)
Completed 200 OK in 326ms (Views: 318.8ms | ActiveRecord: 0.0ms)


Started GET "/players/field" for ::1 at 2020-06-22 10:25:24 +0900
Processing by PlayersController#field as HTML
  Rendering players/field.html.erb within layouts/application
  Rendered players/field.html.erb within layouts/application (1.2ms)
Completed 200 OK in 169ms (Views: 163.6ms | ActiveRecord: 0.0ms)


Started GET "/players/field" for ::1 at 2020-06-22 10:25:25 +0900
Processing by PlayersController#field as HTML
  Rendering players/field.html.erb within layouts/application
  Rendered players/field.html.erb within layouts/application (47.0ms)
Completed 200 OK in 164ms (Views: 158.8ms | ActiveRecord: 0.0ms)


Started GET "/players/field" for ::1 at 2020-06-22 10:25:27 +0900
Processing by PlayersController#field as HTML
  Rendering players/field.html.erb within layouts/application
  Rendered players/field.html.erb within layouts/application (0.7ms)
Completed 200 OK in 94ms (Views: 88.3ms | ActiveRecord: 0.0ms)


Started GET "/players/field" for ::1 at 2020-06-22 10:25:27 +0900
Processing by PlayersController#field as HTML
  Rendering players/field.html.erb within layouts/application
  Rendered players/field.html.erb within layouts/application (0.9ms)
Completed 200 OK in 100ms (Views: 95.7ms | ActiveRecord: 0.0ms)


Started GET "/players/field" for ::1 at 2020-06-22 10:25:28 +0900
Processing by PlayersController#field as HTML
  Rendering players/field.html.erb within layouts/application
  Rendered players/field.html.erb within layouts/application (0.6ms)
Completed 200 OK in 165ms (Views: 159.7ms | ActiveRecord: 0.0ms)


Started GET "/players/field" for ::1 at 2020-06-22 10:26:33 +0900
Processing by PlayersController#field as HTML
  Rendering players/field.html.erb within layouts/application
  Rendered players/field.html.erb within layouts/application (2.7ms)
Completed 200 OK in 99ms (Views: 93.0ms | ActiveRecord: 0.0ms)


Started GET "/players/field" for ::1 at 2020-06-22 10:26:35 +0900
Processing by PlayersController#field as HTML
  Rendering players/field.html.erb within layouts/application
  Rendered players/field.html.erb within layouts/application (47.3ms)
Completed 200 OK in 145ms (Views: 139.1ms | ActiveRecord: 0.0ms)


Started GET "/players/field" for ::1 at 2020-06-22 10:26:36 +0900
Processing by PlayersController#field as HTML
  Rendering players/field.html.erb within layouts/application
  Rendered players/field.html.erb within layouts/application (0.8ms)
Completed 200 OK in 169ms (Views: 162.4ms | ActiveRecord: 0.0ms)


Started GET "/players/field" for ::1 at 2020-06-22 10:26:43 +0900
Processing by PlayersController#field as HTML
  Rendering players/field.html.erb within layouts/application
  Rendered players/field.html.erb within layouts/application (2.4ms)
Completed 200 OK in 132ms (Views: 126.1ms | ActiveRecord: 0.0ms)


Started GET "/players/field" for ::1 at 2020-06-22 10:26:43 +0900
Processing by PlayersController#field as HTML
  Rendering players/field.html.erb within layouts/application
  Rendered players/field.html.erb within layouts/application (1.7ms)
Completed 200 OK in 97ms (Views: 91.9ms | ActiveRecord: 0.0ms)


Started GET "/players/field" for ::1 at 2020-06-22 10:26:44 +0900
Processing by PlayersController#field as HTML
  Rendering players/field.html.erb within layouts/application
  Rendered players/field.html.erb within layouts/application (0.7ms)
Completed 200 OK in 138ms (Views: 132.9ms | ActiveRecord: 0.0ms)


Started GET "/players/field" for ::1 at 2020-06-22 10:26:44 +0900
Processing by PlayersController#field as HTML
  Rendering players/field.html.erb within layouts/application
  Rendered players/field.html.erb within layouts/application (51.1ms)
Completed 200 OK in 146ms (Views: 141.4ms | ActiveRecord: 0.0ms)


Started GET "/players/field" for ::1 at 2020-06-22 10:26:45 +0900
Processing by PlayersController#field as HTML
  Rendering players/field.html.erb within layouts/application
  Rendered players/field.html.erb within layouts/application (0.7ms)
Completed 200 OK in 117ms (Views: 111.5ms | ActiveRecord: 0.0ms)


Started GET "/players/field" for ::1 at 2020-06-22 10:26:45 +0900
Processing by PlayersController#field as HTML
  Rendering players/field.html.erb within layouts/application
  Rendered players/field.html.erb within layouts/application (0.8ms)
Completed 200 OK in 91ms (Views: 86.2ms | ActiveRecord: 0.0ms)


Started GET "/players/field" for ::1 at 2020-06-22 10:26:45 +0900
Processing by PlayersController#field as HTML
  Rendering players/field.html.erb within layouts/application
  Rendered players/field.html.erb within layouts/application (0.6ms)
Completed 200 OK in 105ms (Views: 98.5ms | ActiveRecord: 0.0ms)


Started GET "/players/field" for ::1 at 2020-06-22 10:26:49 +0900
Processing by PlayersController#field as HTML
  Rendering players/field.html.erb within layouts/application
  Rendered players/field.html.erb within layouts/application (0.7ms)
Completed 200 OK in 123ms (Views: 117.8ms | ActiveRecord: 0.0ms)


Started GET "/players/field" for ::1 at 2020-06-22 10:26:49 +0900
Processing by PlayersController#field as HTML
  Rendering players/field.html.erb within layouts/application
  Rendered players/field.html.erb within layouts/application (48.0ms)
Completed 200 OK in 146ms (Views: 140.4ms | ActiveRecord: 0.0ms)


Started GET "/players/field" for ::1 at 2020-06-22 10:26:49 +0900
Processing by PlayersController#field as HTML
  Rendering players/field.html.erb within layouts/application
  Rendered players/field.html.erb within layouts/application (0.7ms)
Completed 200 OK in 97ms (Views: 91.6ms | ActiveRecord: 0.0ms)


Started GET "/players/field" for ::1 at 2020-06-22 10:26:50 +0900
Processing by PlayersController#field as HTML
  Rendering players/field.html.erb within layouts/application
  Rendered players/field.html.erb within layouts/application (0.6ms)
Completed 200 OK in 174ms (Views: 168.2ms | ActiveRecord: 0.0ms)


Started GET "/players/field" for ::1 at 2020-06-22 10:27:00 +0900
Processing by PlayersController#field as HTML
  Rendering players/field.html.erb within layouts/application
  Rendered players/field.html.erb within layouts/application (1.1ms)
Completed 200 OK in 115ms (Views: 109.8ms | ActiveRecord: 0.0ms)


Started GET "/players/field" for ::1 at 2020-06-22 10:27:01 +0900
Processing by PlayersController#field as HTML
  Rendering players/field.html.erb within layouts/application
  Rendered players/field.html.erb within layouts/application (0.6ms)
Completed 200 OK in 109ms (Views: 102.3ms | ActiveRecord: 0.0ms)


Started GET "/players/field" for ::1 at 2020-06-22 10:27:02 +0900
Processing by PlayersController#field as HTML
  Rendering players/field.html.erb within layouts/application
  Rendered players/field.html.erb within layouts/application (46.9ms)
Completed 200 OK in 147ms (Views: 142.0ms | ActiveRecord: 0.0ms)


Started GET "/players/field" for ::1 at 2020-06-22 10:27:02 +0900
Processing by PlayersController#field as HTML
  Rendering players/field.html.erb within layouts/application
  Rendered players/field.html.erb within layouts/application (0.3ms)
Completed 200 OK in 160ms (Views: 157.4ms | ActiveRecord: 0.0ms)


Started GET "/players/field" for ::1 at 2020-06-22 10:27:09 +0900
Processing by PlayersController#field as HTML
  Rendering players/field.html.erb within layouts/application
  Rendered players/field.html.erb within layouts/application (1.4ms)
Completed 200 OK in 118ms (Views: 112.0ms | ActiveRecord: 0.0ms)


Started GET "/players/field" for ::1 at 2020-06-22 10:28:19 +0900
Processing by PlayersController#field as HTML
  Rendering players/field.html.erb within layouts/application
  Rendered players/field.html.erb within layouts/application (374.4ms)
Completed 500 Internal Server Error in 393ms (ActiveRecord: 0.0ms)


  
ActionView::Template::Error (undefined method `fa_icon' for #<#<Class:0x000000000ee1cfb8>:0x000000000e54b650>):
     5:       <div class="player">
     6:         <a class="fas fa-circle"></a>
     7:         <i class="fas fa-circle"></i>
     8:         <%= fa_icon("circle") %>
     9:       </div>
    10:     </div>
    11:   </div>
  
app/views/players/field.html.erb:8:in `_app_views_players_field_html_erb__216829687_120194540'
Started GET "/players/field" for ::1 at 2020-06-22 10:28:53 +0900
  [1m[35m (0.5ms)[0m  [1m[34mSELECT "schema_migrations"."version" FROM "schema_migrations" ORDER BY "schema_migrations"."version" ASC[0m
  ↳ C:/Ruby26-x64/lib/ruby/gems/2.6.0/gems/activerecord-5.2.4.3/lib/active_record/log_subscriber.rb:98
Processing by PlayersController#field as HTML
  Rendering players/field.html.erb within layouts/application
  Rendered players/field.html.erb within layouts/application (230.6ms)
Completed 500 Internal Server Error in 270ms (ActiveRecord: 0.0ms)


  
ActionView::Template::Error (undefined method `fa_icon' for #<#<Class:0x000000000924aa00>:0x000000000925baf8>):
     5:       <div class="player">
     6:         <a class="fas fa-circle"></a>
     7:         <i class="fas fa-circle"></i>
     8:         <%= fa_icon("circle") %>
     9:       </div>
    10:     </div>
    11:   </div>
  
app/views/players/field.html.erb:8:in `_app_views_players_field_html_erb__246431685_76661920'
Started GET "/players/field" for ::1 at 2020-06-22 10:30:53 +0900
Processing by PlayersController#field as HTML
  Rendering players/field.html.erb within layouts/application
  Rendered players/field.html.erb within layouts/application (223.9ms)
Completed 500 Internal Server Error in 241ms (ActiveRecord: 0.0ms)


  
ActionView::Template::Error (undefined method `fa_icon' for #<#<Class:0x000000000924aa00>:0x000000000ce725c8>):
     5:       <div class="player">
     6:         <a class="fas fa-circle"></a>
     7:         <i class="fas fa-circle"></i>
     8:         <%= fa_icon("circle") %>
     9:       </div>
    10:     </div>
    11:   </div>
  
app/views/players/field.html.erb:8:in `_app_views_players_field_html_erb__246431685_108238620'
Started GET "/players/field" for ::1 at 2020-06-22 10:31:35 +0900
Processing by PlayersController#field as HTML
  Rendering players/field.html.erb within layouts/application
  Rendered players/field.html.erb within layouts/application (0.8ms)
Completed 500 Internal Server Error in 520ms (ActiveRecord: 0.0ms)


  
ActionView::Template::Error (couldn't find file 'font-awesome' with type 'text/css'
Checked in these paths: 
  C:/Users/himaj/football_analizer2/app/assets/config
  C:/Users/himaj/football_analizer2/app/assets/images
  C:/Users/himaj/football_analizer2/app/assets/javascripts
  C:/Users/himaj/football_analizer2/app/assets/stylesheets
  C:/Ruby26-x64/lib/ruby/gems/2.6.0/gems/coffee-rails-4.2.2/lib/assets/javascripts
  C:/Ruby26-x64/lib/ruby/gems/2.6.0/gems/actioncable-5.2.4.3/lib/assets/compiled
  C:/Ruby26-x64/lib/ruby/gems/2.6.0/gems/activestorage-5.2.4.3/app/assets/javascripts
  C:/Ruby26-x64/lib/ruby/gems/2.6.0/gems/actionview-5.2.4.3/lib/assets/compiled
  C:/Ruby26-x64/lib/ruby/gems/2.6.0/gems/turbolinks-source-5.2.0/lib/assets/javascripts
  C:/Users/himaj/football_analizer2/node_modules
  C:/Ruby26-x64/lib/ruby/gems/2.6.0/gems/font-awesome-sass-5.4.1/assets/stylesheets
  C:/Ruby26-x64/lib/ruby/gems/2.6.0/gems/font-awesome-sass-5.4.1/assets/fonts):
     5:     <%= csrf_meta_tags %>
     6:     <%= csp_meta_tag %>
     7: 
     8:     <%= stylesheet_link_tag    'application', media: 'all', 'data-turbolinks-track': 'reload' %>
     9:     <%= javascript_include_tag 'application', 'data-turbolinks-track': 'reload' %>
    10:   </head>
    11: 
  
app/assets/stylesheets/application.css:15
app/views/layouts/application.html.erb:8:in `_app_views_layouts_application_html_erb__343838637_80180960'
Started GET "/players/field" for ::1 at 2020-06-22 10:34:11 +0900
  [1m[35m (0.5ms)[0m  [1m[34mSELECT "schema_migrations"."version" FROM "schema_migrations" ORDER BY "schema_migrations"."version" ASC[0m
  ↳ C:/Ruby26-x64/lib/ruby/gems/2.6.0/gems/activerecord-5.2.4.3/lib/active_record/log_subscriber.rb:98
Processing by PlayersController#field as HTML
  Rendering players/field.html.erb within layouts/application
  Rendered players/field.html.erb within layouts/application (4.9ms)
Completed 200 OK in 1355ms (Views: 1342.8ms | ActiveRecord: 0.0ms)


Started GET "/players/field" for ::1 at 2020-06-22 10:34:49 +0900
Processing by PlayersController#field as HTML
  Rendering players/field.html.erb within layouts/application
  Rendered players/field.html.erb within layouts/application (0.7ms)
Completed 200 OK in 136ms (Views: 130.1ms | ActiveRecord: 0.0ms)


Started GET "/players/field" for ::1 at 2020-06-22 10:36:12 +0900
Processing by PlayersController#field as HTML
  Rendering players/field.html.erb within layouts/application
  Rendered players/field.html.erb within layouts/application (1.2ms)
Completed 200 OK in 124ms (Views: 119.0ms | ActiveRecord: 0.0ms)


Started GET "/players/field" for ::1 at 2020-06-22 10:42:41 +0900
Processing by PlayersController#field as HTML
  Rendering players/field.html.erb within layouts/application
  Rendered players/field.html.erb within layouts/application (1.0ms)
Completed 200 OK in 451ms (Views: 445.8ms | ActiveRecord: 0.0ms)


Started GET "/players/field" for ::1 at 2020-06-22 10:42:44 +0900
Processing by PlayersController#field as HTML
  Rendering players/field.html.erb within layouts/application
  Rendered players/field.html.erb within layouts/application (0.7ms)
Completed 200 OK in 105ms (Views: 99.4ms | ActiveRecord: 0.0ms)


Started GET "/players/field" for ::1 at 2020-06-22 10:42:48 +0900
Processing by PlayersController#field as HTML
  Rendering players/field.html.erb within layouts/application
  Rendered players/field.html.erb within layouts/application (0.8ms)
Completed 200 OK in 116ms (Views: 111.2ms | ActiveRecord: 0.0ms)


Started GET "/players/field" for ::1 at 2020-06-22 10:43:13 +0900
Processing by PlayersController#field as HTML
  Rendering players/field.html.erb within layouts/application
  Rendered players/field.html.erb within layouts/application (1.5ms)
Completed 500 Internal Server Error in 209ms (ActiveRecord: 0.0ms)


  
ActionView::Template::Error ([stdin]:4:1: unexpected .):
     6:     <%= csp_meta_tag %>
     7: 
     8:     <%= stylesheet_link_tag    'application', media: 'all', 'data-turbolinks-track': 'reload' %>
     9:     <%= javascript_include_tag 'application', 'data-turbolinks-track': 'reload' %>
    10:   </head>
    11: 
    12:  <body>
  
(execjs):1
app/views/layouts/application.html.erb:9:in `_app_views_layouts_application_html_erb__362284074_133754280'
Started GET "/players/field" for ::1 at 2020-06-22 10:43:42 +0900
Processing by PlayersController#field as HTML
  Rendering players/field.html.erb within layouts/application
  Rendered players/field.html.erb within layouts/application (0.8ms)
Completed 500 Internal Server Error in 113ms (ActiveRecord: 0.0ms)


  
ActionView::Template::Error ([stdin]:4:1: unexpected .):
     6:     <%= csp_meta_tag %>
     7: 
     8:     <%= stylesheet_link_tag    'application', media: 'all', 'data-turbolinks-track': 'reload' %>
     9:     <%= javascript_include_tag 'application', 'data-turbolinks-track': 'reload' %>
    10:   </head>
    11: 
    12:  <body>
  
(execjs):1
app/views/layouts/application.html.erb:9:in `_app_views_layouts_application_html_erb__362284074_133326440'
Started GET "/players/field" for ::1 at 2020-06-22 10:43:44 +0900
Processing by PlayersController#field as HTML
  Rendering players/field.html.erb within layouts/application
  Rendered players/field.html.erb within layouts/application (0.7ms)
Completed 500 Internal Server Error in 116ms (ActiveRecord: 0.0ms)


  
ActionView::Template::Error ([stdin]:4:1: unexpected .):
     6:     <%= csp_meta_tag %>
     7: 
     8:     <%= stylesheet_link_tag    'application', media: 'all', 'data-turbolinks-track': 'reload' %>
     9:     <%= javascript_include_tag 'application', 'data-turbolinks-track': 'reload' %>
    10:   </head>
    11: 
    12:  <body>
  
(execjs):1
app/views/layouts/application.html.erb:9:in `_app_views_layouts_application_html_erb__362284074_132535060'
Started GET "/players/field" for ::1 at 2020-06-22 10:43:46 +0900
Processing by PlayersController#field as HTML
  Rendering players/field.html.erb within layouts/application
  Rendered players/field.html.erb within layouts/application (1.5ms)
Completed 500 Internal Server Error in 112ms (ActiveRecord: 0.0ms)


  
ActionView::Template::Error ([stdin]:4:1: unexpected .):
     6:     <%= csp_meta_tag %>
     7: 
     8:     <%= stylesheet_link_tag    'application', media: 'all', 'data-turbolinks-track': 'reload' %>
     9:     <%= javascript_include_tag 'application', 'data-turbolinks-track': 'reload' %>
    10:   </head>
    11: 
    12:  <body>
  
(execjs):1
app/views/layouts/application.html.erb:9:in `_app_views_layouts_application_html_erb__362284074_131979020'
Started GET "/players/field" for ::1 at 2020-06-22 10:44:19 +0900
Processing by PlayersController#field as HTML
  Rendering players/field.html.erb within layouts/application
  Rendered players/field.html.erb within layouts/application (0.7ms)
Completed 200 OK in 161ms (Views: 155.2ms | ActiveRecord: 0.0ms)


Started GET "/players/field" for ::1 at 2020-06-22 10:45:57 +0900
Processing by PlayersController#field as HTML
  Rendering players/field.html.erb within layouts/application
  Rendered players/field.html.erb within layouts/application (0.6ms)
Completed 200 OK in 230ms (Views: 224.6ms | ActiveRecord: 0.0ms)


Started GET "/players/field" for ::1 at 2020-06-22 10:46:01 +0900
Processing by PlayersController#field as HTML
  Rendering players/field.html.erb within layouts/application
  Rendered players/field.html.erb within layouts/application (1.0ms)
Completed 200 OK in 118ms (Views: 111.9ms | ActiveRecord: 0.0ms)


Started GET "/players/field" for ::1 at 2020-06-22 10:47:24 +0900
Processing by PlayersController#field as HTML
  Rendering players/field.html.erb within layouts/application
  Rendered players/field.html.erb within layouts/application (0.7ms)
Completed 200 OK in 255ms (Views: 250.3ms | ActiveRecord: 0.0ms)


Started GET "/players/field" for ::1 at 2020-06-22 10:47:45 +0900
Processing by PlayersController#field as HTML
  Rendering players/field.html.erb within layouts/application
  Rendered players/field.html.erb within layouts/application (1.1ms)
Completed 200 OK in 336ms (Views: 329.8ms | ActiveRecord: 0.0ms)


Started GET "/players/field" for ::1 at 2020-06-22 10:54:34 +0900
Processing by PlayersController#field as HTML
  Rendering players/field.html.erb within layouts/application
  Rendered players/field.html.erb within layouts/application (1.1ms)
Completed 200 OK in 136ms (Views: 131.0ms | ActiveRecord: 0.0ms)


Started GET "/players/field" for ::1 at 2020-06-22 10:54:35 +0900
Processing by PlayersController#field as HTML
  Rendering players/field.html.erb within layouts/application
  Rendered players/field.html.erb within layouts/application (0.8ms)
Completed 200 OK in 115ms (Views: 110.4ms | ActiveRecord: 0.0ms)


Started GET "/" for ::1 at 2020-06-22 10:59:35 +0900
Processing by HomeController#top as HTML
  Rendering home/top.html.erb within layouts/application
  Rendered home/top.html.erb within layouts/application (0.9ms)
Completed 200 OK in 129ms (Views: 121.8ms | ActiveRecord: 0.0ms)


Started GET "/top.jpg" for ::1 at 2020-06-22 10:59:35 +0900
  
ActionController::RoutingError (No route matches [GET] "/top.jpg"):
  
actionpack (5.2.4.3) lib/action_dispatch/middleware/debug_exceptions.rb:65:in `call'
web-console (3.7.0) lib/web_console/middleware.rb:135:in `call_app'
web-console (3.7.0) lib/web_console/middleware.rb:30:in `block in call'
web-console (3.7.0) lib/web_console/middleware.rb:20:in `catch'
web-console (3.7.0) lib/web_console/middleware.rb:20:in `call'
actionpack (5.2.4.3) lib/action_dispatch/middleware/show_exceptions.rb:33:in `call'
railties (5.2.4.3) lib/rails/rack/logger.rb:38:in `call_app'
railties (5.2.4.3) lib/rails/rack/logger.rb:26:in `block in call'
activesupport (5.2.4.3) lib/active_support/tagged_logging.rb:71:in `block in tagged'
activesupport (5.2.4.3) lib/active_support/tagged_logging.rb:28:in `tagged'
activesupport (5.2.4.3) lib/active_support/tagged_logging.rb:71:in `tagged'
railties (5.2.4.3) lib/rails/rack/logger.rb:26:in `call'
sprockets-rails (3.2.1) lib/sprockets/rails/quiet_assets.rb:13:in `call'
actionpack (5.2.4.3) lib/action_dispatch/middleware/remote_ip.rb:81:in `call'
actionpack (5.2.4.3) lib/action_dispatch/middleware/request_id.rb:27:in `call'
rack (2.2.3) lib/rack/method_override.rb:24:in `call'
rack (2.2.3) lib/rack/runtime.rb:22:in `call'
activesupport (5.2.4.3) lib/active_support/cache/strategy/local_cache_middleware.rb:29:in `call'
actionpack (5.2.4.3) lib/action_dispatch/middleware/executor.rb:14:in `call'
actionpack (5.2.4.3) lib/action_dispatch/middleware/static.rb:127:in `call'
rack (2.2.3) lib/rack/sendfile.rb:110:in `call'
railties (5.2.4.3) lib/rails/engine.rb:524:in `call'
puma (3.12.6) lib/puma/configuration.rb:227:in `call'
puma (3.12.6) lib/puma/server.rb:706:in `handle_request'
puma (3.12.6) lib/puma/server.rb:476:in `process_client'
puma (3.12.6) lib/puma/server.rb:334:in `block in run'
puma (3.12.6) lib/puma/thread_pool.rb:135:in `block in spawn_thread'
Started GET "/players/field" for ::1 at 2020-06-22 11:27:23 +0900
Processing by PlayersController#field as HTML
  Rendering players/field.html.erb within layouts/application
  Rendered players/field.html.erb within layouts/application (2.0ms)
Completed 200 OK in 198ms (Views: 192.3ms | ActiveRecord: 0.0ms)


Started GET "/players/field" for ::1 at 2020-06-22 11:27:23 +0900
Processing by PlayersController#field as HTML
  Rendering players/field.html.erb within layouts/application
  Rendered players/field.html.erb within layouts/application (1.2ms)
Completed 200 OK in 137ms (Views: 129.1ms | ActiveRecord: 0.0ms)


Started GET "/players/field" for ::1 at 2020-06-22 11:27:26 +0900
Processing by PlayersController#field as HTML
  Rendering players/field.html.erb within layouts/application
  Rendered players/field.html.erb within layouts/application (8.8ms)
Completed 200 OK in 133ms (Views: 128.3ms | ActiveRecord: 0.0ms)


Started GET "/players/field" for ::1 at 2020-06-22 11:35:53 +0900
Processing by PlayersController#field as HTML
  Rendering players/field.html.erb within layouts/application
  Rendered players/field.html.erb within layouts/application (1.6ms)
Completed 200 OK in 326ms (Views: 320.6ms | ActiveRecord: 0.0ms)


Started GET "/players/field" for ::1 at 2020-06-22 11:35:57 +0900
Processing by PlayersController#field as HTML
  Rendering players/field.html.erb within layouts/application
  Rendered players/field.html.erb within layouts/application (0.7ms)
Completed 200 OK in 114ms (Views: 108.6ms | ActiveRecord: 0.0ms)


Started GET "/players/field" for ::1 at 2020-06-22 11:35:59 +0900
Processing by PlayersController#field as HTML
  Rendering players/field.html.erb within layouts/application
  Rendered players/field.html.erb within layouts/application (0.9ms)
Completed 200 OK in 118ms (Views: 112.9ms | ActiveRecord: 0.0ms)


Started GET "/players/new" for ::1 at 2020-06-22 11:36:01 +0900
Processing by PlayersController#new as HTML
  Rendering players/new.html.erb within layouts/application
  Rendered players/new.html.erb within layouts/application (5.7ms)
Completed 200 OK in 194ms (Views: 125.3ms | ActiveRecord: 3.6ms)


Started GET "/players/field" for ::1 at 2020-06-22 11:36:02 +0900
Processing by PlayersController#field as HTML
  Rendering players/field.html.erb within layouts/application
  Rendered players/field.html.erb within layouts/application (0.8ms)
Completed 200 OK in 110ms (Views: 105.3ms | ActiveRecord: 0.0ms)


Started GET "/" for ::1 at 2020-06-22 11:39:11 +0900
Processing by HomeController#top as HTML
  Rendering home/top.html.erb within layouts/application
  Rendered home/top.html.erb within layouts/application (0.5ms)
Completed 200 OK in 382ms (Views: 378.5ms | ActiveRecord: 0.0ms)


Started GET "/" for ::1 at 2020-06-22 11:39:12 +0900
Processing by HomeController#top as HTML
  Rendering home/top.html.erb within layouts/application
  Rendered home/top.html.erb within layouts/application (0.8ms)
Completed 200 OK in 149ms (Views: 144.3ms | ActiveRecord: 0.0ms)


Started GET "/top.jpg" for ::1 at 2020-06-22 11:39:13 +0900
  
ActionController::RoutingError (No route matches [GET] "/top.jpg"):
  
actionpack (5.2.4.3) lib/action_dispatch/middleware/debug_exceptions.rb:65:in `call'
web-console (3.7.0) lib/web_console/middleware.rb:135:in `call_app'
web-console (3.7.0) lib/web_console/middleware.rb:30:in `block in call'
web-console (3.7.0) lib/web_console/middleware.rb:20:in `catch'
web-console (3.7.0) lib/web_console/middleware.rb:20:in `call'
actionpack (5.2.4.3) lib/action_dispatch/middleware/show_exceptions.rb:33:in `call'
railties (5.2.4.3) lib/rails/rack/logger.rb:38:in `call_app'
railties (5.2.4.3) lib/rails/rack/logger.rb:26:in `block in call'
activesupport (5.2.4.3) lib/active_support/tagged_logging.rb:71:in `block in tagged'
activesupport (5.2.4.3) lib/active_support/tagged_logging.rb:28:in `tagged'
activesupport (5.2.4.3) lib/active_support/tagged_logging.rb:71:in `tagged'
railties (5.2.4.3) lib/rails/rack/logger.rb:26:in `call'
sprockets-rails (3.2.1) lib/sprockets/rails/quiet_assets.rb:13:in `call'
actionpack (5.2.4.3) lib/action_dispatch/middleware/remote_ip.rb:81:in `call'
actionpack (5.2.4.3) lib/action_dispatch/middleware/request_id.rb:27:in `call'
rack (2.2.3) lib/rack/method_override.rb:24:in `call'
rack (2.2.3) lib/rack/runtime.rb:22:in `call'
activesupport (5.2.4.3) lib/active_support/cache/strategy/local_cache_middleware.rb:29:in `call'
actionpack (5.2.4.3) lib/action_dispatch/middleware/executor.rb:14:in `call'
actionpack (5.2.4.3) lib/action_dispatch/middleware/static.rb:127:in `call'
rack (2.2.3) lib/rack/sendfile.rb:110:in `call'
railties (5.2.4.3) lib/rails/engine.rb:524:in `call'
puma (3.12.6) lib/puma/configuration.rb:227:in `call'
puma (3.12.6) lib/puma/server.rb:706:in `handle_request'
puma (3.12.6) lib/puma/server.rb:476:in `process_client'
puma (3.12.6) lib/puma/server.rb:334:in `block in run'
puma (3.12.6) lib/puma/thread_pool.rb:135:in `block in spawn_thread'
Started GET "/" for ::1 at 2020-06-22 11:46:17 +0900
Processing by HomeController#top as HTML
  Rendering home/top.html.erb within layouts/application
  Rendered home/top.html.erb within layouts/application (1.2ms)
Completed 200 OK in 110ms (Views: 106.2ms | ActiveRecord: 0.0ms)


Started GET "/top.jpg" for ::1 at 2020-06-22 11:46:17 +0900
  
ActionController::RoutingError (No route matches [GET] "/top.jpg"):
  
actionpack (5.2.4.3) lib/action_dispatch/middleware/debug_exceptions.rb:65:in `call'
web-console (3.7.0) lib/web_console/middleware.rb:135:in `call_app'
web-console (3.7.0) lib/web_console/middleware.rb:30:in `block in call'
web-console (3.7.0) lib/web_console/middleware.rb:20:in `catch'
web-console (3.7.0) lib/web_console/middleware.rb:20:in `call'
actionpack (5.2.4.3) lib/action_dispatch/middleware/show_exceptions.rb:33:in `call'
railties (5.2.4.3) lib/rails/rack/logger.rb:38:in `call_app'
railties (5.2.4.3) lib/rails/rack/logger.rb:26:in `block in call'
activesupport (5.2.4.3) lib/active_support/tagged_logging.rb:71:in `block in tagged'
activesupport (5.2.4.3) lib/active_support/tagged_logging.rb:28:in `tagged'
activesupport (5.2.4.3) lib/active_support/tagged_logging.rb:71:in `tagged'
railties (5.2.4.3) lib/rails/rack/logger.rb:26:in `call'
sprockets-rails (3.2.1) lib/sprockets/rails/quiet_assets.rb:13:in `call'
actionpack (5.2.4.3) lib/action_dispatch/middleware/remote_ip.rb:81:in `call'
actionpack (5.2.4.3) lib/action_dispatch/middleware/request_id.rb:27:in `call'
rack (2.2.3) lib/rack/method_override.rb:24:in `call'
rack (2.2.3) lib/rack/runtime.rb:22:in `call'
activesupport (5.2.4.3) lib/active_support/cache/strategy/local_cache_middleware.rb:29:in `call'
actionpack (5.2.4.3) lib/action_dispatch/middleware/executor.rb:14:in `call'
actionpack (5.2.4.3) lib/action_dispatch/middleware/static.rb:127:in `call'
rack (2.2.3) lib/rack/sendfile.rb:110:in `call'
railties (5.2.4.3) lib/rails/engine.rb:524:in `call'
puma (3.12.6) lib/puma/configuration.rb:227:in `call'
puma (3.12.6) lib/puma/server.rb:706:in `handle_request'
puma (3.12.6) lib/puma/server.rb:476:in `process_client'
puma (3.12.6) lib/puma/server.rb:334:in `block in run'
puma (3.12.6) lib/puma/thread_pool.rb:135:in `block in spawn_thread'
Started GET "/" for ::1 at 2020-06-22 11:46:33 +0900
Processing by HomeController#top as HTML
  Rendering home/top.html.erb within layouts/application
  Rendered home/top.html.erb within layouts/application (0.5ms)
Completed 200 OK in 161ms (Views: 155.1ms | ActiveRecord: 0.0ms)


Started GET "/top.jpg" for ::1 at 2020-06-22 11:46:33 +0900
  
ActionController::RoutingError (No route matches [GET] "/top.jpg"):
  
actionpack (5.2.4.3) lib/action_dispatch/middleware/debug_exceptions.rb:65:in `call'
web-console (3.7.0) lib/web_console/middleware.rb:135:in `call_app'
web-console (3.7.0) lib/web_console/middleware.rb:30:in `block in call'
web-console (3.7.0) lib/web_console/middleware.rb:20:in `catch'
web-console (3.7.0) lib/web_console/middleware.rb:20:in `call'
actionpack (5.2.4.3) lib/action_dispatch/middleware/show_exceptions.rb:33:in `call'
railties (5.2.4.3) lib/rails/rack/logger.rb:38:in `call_app'
railties (5.2.4.3) lib/rails/rack/logger.rb:26:in `block in call'
activesupport (5.2.4.3) lib/active_support/tagged_logging.rb:71:in `block in tagged'
activesupport (5.2.4.3) lib/active_support/tagged_logging.rb:28:in `tagged'
activesupport (5.2.4.3) lib/active_support/tagged_logging.rb:71:in `tagged'
railties (5.2.4.3) lib/rails/rack/logger.rb:26:in `call'
sprockets-rails (3.2.1) lib/sprockets/rails/quiet_assets.rb:13:in `call'
actionpack (5.2.4.3) lib/action_dispatch/middleware/remote_ip.rb:81:in `call'
actionpack (5.2.4.3) lib/action_dispatch/middleware/request_id.rb:27:in `call'
rack (2.2.3) lib/rack/method_override.rb:24:in `call'
rack (2.2.3) lib/rack/runtime.rb:22:in `call'
activesupport (5.2.4.3) lib/active_support/cache/strategy/local_cache_middleware.rb:29:in `call'
actionpack (5.2.4.3) lib/action_dispatch/middleware/executor.rb:14:in `call'
actionpack (5.2.4.3) lib/action_dispatch/middleware/static.rb:127:in `call'
rack (2.2.3) lib/rack/sendfile.rb:110:in `call'
railties (5.2.4.3) lib/rails/engine.rb:524:in `call'
puma (3.12.6) lib/puma/configuration.rb:227:in `call'
puma (3.12.6) lib/puma/server.rb:706:in `handle_request'
puma (3.12.6) lib/puma/server.rb:476:in `process_client'
puma (3.12.6) lib/puma/server.rb:334:in `block in run'
puma (3.12.6) lib/puma/thread_pool.rb:135:in `block in spawn_thread'
Started GET "/players/field" for ::1 at 2020-06-22 11:57:31 +0900
Processing by PlayersController#field as HTML
  Rendering players/field.html.erb within layouts/application
  Rendered players/field.html.erb within layouts/application (1.8ms)
Completed 200 OK in 124ms (Views: 120.5ms | ActiveRecord: 0.0ms)


Started GET "/" for ::1 at 2020-06-22 11:59:39 +0900
Processing by HomeController#top as HTML
  Rendering home/top.html.erb within layouts/application
  Rendered home/top.html.erb within layouts/application (1.1ms)
Completed 200 OK in 146ms (Views: 141.3ms | ActiveRecord: 0.0ms)


Started GET "/" for ::1 at 2020-06-22 12:09:15 +0900
  [1m[35m (0.9ms)[0m  [1m[34mSELECT "schema_migrations"."version" FROM "schema_migrations" ORDER BY "schema_migrations"."version" ASC[0m
  ↳ C:/Ruby26-x64/lib/ruby/gems/2.6.0/gems/activerecord-5.2.4.3/lib/active_record/log_subscriber.rb:98
Processing by HomeController#top as HTML
  Rendering home/top.html.erb within layouts/application
  Rendered home/top.html.erb within layouts/application (6.0ms)
Completed 200 OK in 1755ms (Views: 1742.4ms | ActiveRecord: 0.0ms)


Started GET "/top.jpg" for ::1 at 2020-06-22 12:09:17 +0900
  
ActionController::RoutingError (No route matches [GET] "/top.jpg"):
  
actionpack (5.2.4.3) lib/action_dispatch/middleware/debug_exceptions.rb:65:in `call'
web-console (3.7.0) lib/web_console/middleware.rb:135:in `call_app'
web-console (3.7.0) lib/web_console/middleware.rb:30:in `block in call'
web-console (3.7.0) lib/web_console/middleware.rb:20:in `catch'
web-console (3.7.0) lib/web_console/middleware.rb:20:in `call'
actionpack (5.2.4.3) lib/action_dispatch/middleware/show_exceptions.rb:33:in `call'
railties (5.2.4.3) lib/rails/rack/logger.rb:38:in `call_app'
railties (5.2.4.3) lib/rails/rack/logger.rb:26:in `block in call'
activesupport (5.2.4.3) lib/active_support/tagged_logging.rb:71:in `block in tagged'
activesupport (5.2.4.3) lib/active_support/tagged_logging.rb:28:in `tagged'
activesupport (5.2.4.3) lib/active_support/tagged_logging.rb:71:in `tagged'
railties (5.2.4.3) lib/rails/rack/logger.rb:26:in `call'
sprockets-rails (3.2.1) lib/sprockets/rails/quiet_assets.rb:13:in `call'
actionpack (5.2.4.3) lib/action_dispatch/middleware/remote_ip.rb:81:in `call'
actionpack (5.2.4.3) lib/action_dispatch/middleware/request_id.rb:27:in `call'
rack (2.2.3) lib/rack/method_override.rb:24:in `call'
rack (2.2.3) lib/rack/runtime.rb:22:in `call'
activesupport (5.2.4.3) lib/active_support/cache/strategy/local_cache_middleware.rb:29:in `call'
actionpack (5.2.4.3) lib/action_dispatch/middleware/executor.rb:14:in `call'
actionpack (5.2.4.3) lib/action_dispatch/middleware/static.rb:127:in `call'
rack (2.2.3) lib/rack/sendfile.rb:110:in `call'
railties (5.2.4.3) lib/rails/engine.rb:524:in `call'
puma (3.12.6) lib/puma/configuration.rb:227:in `call'
puma (3.12.6) lib/puma/server.rb:706:in `handle_request'
puma (3.12.6) lib/puma/server.rb:476:in `process_client'
puma (3.12.6) lib/puma/server.rb:334:in `block in run'
puma (3.12.6) lib/puma/thread_pool.rb:135:in `block in spawn_thread'
Started GET "/players/field" for ::1 at 2020-06-22 12:09:31 +0900
Processing by PlayersController#field as HTML
  Rendering players/field.html.erb within layouts/application
  Rendered players/field.html.erb within layouts/application (1.4ms)
Completed 200 OK in 184ms (Views: 178.9ms | ActiveRecord: 0.0ms)


Started GET "/players/field" for ::1 at 2020-06-22 12:34:34 +0900
Processing by PlayersController#field as HTML
  Rendering players/field.html.erb within layouts/application
  Rendered players/field.html.erb within layouts/application (0.9ms)
Completed 200 OK in 460ms (Views: 455.0ms | ActiveRecord: 0.0ms)


Started GET "/players/index" for ::1 at 2020-06-22 12:34:49 +0900
Processing by PlayersController#index as HTML
  Rendering players/index.html.erb within layouts/application
  [1m[36mPlayer Load (0.5ms)[0m  [1m[34mSELECT "players".* FROM "players"[0m
  ↳ app/views/players/index.html.erb:3
  Rendered players/index.html.erb within layouts/application (89.7ms)
Completed 200 OK in 246ms (Views: 183.2ms | ActiveRecord: 49.8ms)


